<?xml version="1.0" encoding="UTF-8"?>
<testng-results ignored="0" total="1" passed="1" failed="0" skipped="0">
  <reporter-output>
  </reporter-output>
  <suite started-at="2023-09-24T14:54:21 IST" name="Default suite" finished-at="2023-09-24T14:54:44 IST" duration-ms="23724">
    <groups>
    </groups>
    <test started-at="2023-09-24T14:54:21 IST" name="Default test" finished-at="2023-09-24T14:54:44 IST" duration-ms="23724">
      <class name="com.test.LoginTest">
        <test-method is-config="true" signature="androidDriver()[pri:0, instance:com.test.LoginTest@1e178745]" started-at="2023-09-24T14:54:21 IST" name="androidDriver" finished-at="2023-09-24T14:54:30 IST" duration-ms="9216" status="PASS">
          <reporter-output>
          </reporter-output>
        </test-method> <!-- androidDriver -->
        <test-method signature="loginTestPositive()[pri:0, instance:com.test.LoginTest@1e178745]" started-at="2023-09-24T14:54:30 IST" name="loginTestPositive" finished-at="2023-09-24T14:54:44 IST" duration-ms="14069" status="PASS">
          <reporter-output>
          </reporter-output>
        </test-method> <!-- loginTestPositive -->
        <test-method is-config="true" signature="tear()[pri:0, instance:com.test.LoginTest@1e178745]" started-at="2023-09-24T14:54:44 IST" name="tear" finished-at="2023-09-24T14:54:44 IST" duration-ms="371" status="PASS">
          <reporter-output>
          </reporter-output>
        </test-method> <!-- tear -->
      </class> <!-- com.test.LoginTest -->
    </test> <!-- Default test -->
  </suite> <!-- Default suite -->
</testng-results>
