<?xml version="1.0" encoding="UTF-8"?>
<!-- Generated by org.testng.reporters.JUnitXMLReporter -->
<testsuite ignored="0" hostname="DESKTOP-NSKERIB" failures="0" tests="1" name="Test" time="2.83" errors="0" timestamp="2024-04-13T20:56:09 IST">
  <testcase classname="com.utils.BaseTest" name="@BeforeTest androidDriver" time="2.52">
    <failure type="org.openqa.selenium.SessionNotCreatedException" message="Could not start a new session. Response code 500. Message: An unknown server-side error occurred while processing the command. Original error: Neither ANDROID_HOME nor ANDROID_SDK_ROOT environment variable was exported. Read https://developer.android.com/studio/command-line/variables for more details 
Host info: host: &amp;apos;DESKTOP-NSKERIB&amp;apos;, ip: &amp;apos;172.18.16.1&amp;apos;
Build info: version: &amp;apos;4.19.1&amp;apos;, revision: &amp;apos;abe0ee07dc&amp;apos;
System info: os.name: &amp;apos;Windows 10&amp;apos;, os.arch: &amp;apos;amd64&amp;apos;, os.version: &amp;apos;10.0&amp;apos;, java.version: &amp;apos;17.0.9&amp;apos;
Driver info: io.appium.java_client.android.AndroidDriver
Command: [null, newSession {capabilities=[{appium:noReset=true, appium:appActivity=com.wdiodemoapp.MainActivity, platformName=ANDROID, appium:automationName=UiAutomator2, appium:fullReset=false, appium:app=C:\Users\Admin\git\AppiumAutomation//App//Android-NativeDemoApp-0.4.0.apk, appium:platformVersion=14, appium:appPackage=com.wdiodemoapp}], desiredCapabilities=Capabilities {appium:app: C:\Users\Admin\git\AppiumAu..., appium:appActivity: com.wdiodemoapp.MainActivity, appium:appPackage: com.wdiodemoapp, appium:automationName: UiAutomator2, appium:fullReset: false, appium:noReset: true, appium:platformVersion: 14, platformName: ANDROID}}]
Capabilities {appium:app: C:\Users\Admin\git\AppiumAu..., appium:appActivity: com.wdiodemoapp.MainActivity, appium:appPackage: com.wdiodemoapp, appium:automationName: UiAutomator2, appium:fullReset: false, appium:noReset: true, appium:platformVersion: 14, platformName: ANDROID}">
      <![CDATA[org.openqa.selenium.SessionNotCreatedException: Could not start a new session. Response code 500. Message: An unknown server-side error occurred while processing the command. Original error: Neither ANDROID_HOME nor ANDROID_SDK_ROOT environment variable was exported. Read https://developer.android.com/studio/command-line/variables for more details 
Host info: host: 'DESKTOP-NSKERIB', ip: '172.18.16.1'
Build info: version: '4.19.1', revision: 'abe0ee07dc'
System info: os.name: 'Windows 10', os.arch: 'amd64', os.version: '10.0', java.version: '17.0.9'
Driver info: io.appium.java_client.android.AndroidDriver
Command: [null, newSession {capabilities=[{appium:noReset=true, appium:appActivity=com.wdiodemoapp.MainActivity, platformName=ANDROID, appium:automationName=UiAutomator2, appium:fullReset=false, appium:app=C:\Users\Admin\git\AppiumAutomation//App//Android-NativeDemoApp-0.4.0.apk, appium:platformVersion=14, appium:appPackage=com.wdiodemoapp}], desiredCapabilities=Capabilities {appium:app: C:\Users\Admin\git\AppiumAu..., appium:appActivity: com.wdiodemoapp.MainActivity, appium:appPackage: com.wdiodemoapp, appium:automationName: UiAutomator2, appium:fullReset: false, appium:noReset: true, appium:platformVersion: 14, platformName: ANDROID}}]
Capabilities {appium:app: C:\Users\Admin\git\AppiumAu..., appium:appActivity: com.wdiodemoapp.MainActivity, appium:appPackage: com.wdiodemoapp, appium:automationName: UiAutomator2, appium:fullReset: false, appium:noReset: true, appium:platformVersion: 14, platformName: ANDROID}
at org.openqa.selenium.remote.ProtocolHandshake.createSession(ProtocolHandshake.java:140)
at io.appium.java_client.remote.AppiumProtocolHandshake.createSession(AppiumProtocolHandshake.java:133)
at io.appium.java_client.remote.AppiumProtocolHandshake.createSession(AppiumProtocolHandshake.java:102)
at io.appium.java_client.remote.AppiumCommandExecutor.createSession(AppiumCommandExecutor.java:182)
at io.appium.java_client.remote.AppiumCommandExecutor.execute(AppiumCommandExecutor.java:250)
at org.openqa.selenium.remote.RemoteWebDriver.execute(RemoteWebDriver.java:602)
at io.appium.java_client.AppiumDriver.startSession(AppiumDriver.java:274)
at org.openqa.selenium.remote.RemoteWebDriver.<init>(RemoteWebDriver.java:163)
at io.appium.java_client.AppiumDriver.<init>(AppiumDriver.java:89)
at io.appium.java_client.AppiumDriver.<init>(AppiumDriver.java:101)
at io.appium.java_client.android.AndroidDriver.<init>(AndroidDriver.java:113)
at com.utils.BaseTest.androidDriver(BaseTest.java:56)
... Removed 28 stack frames]]>
    </failure>
  </testcase> <!-- @BeforeTest androidDriver -->
  <testcase classname="com.utils.BaseTest" name="@AfterTest tear" time="-1.713021969417E9">
    <skipped/>
  </testcase> <!-- @AfterTest tear -->
  <testcase classname="com.test.LoginTest" name="loginTestPositive" time="0.0">
    <skipped/>
  </testcase> <!-- loginTestPositive -->
</testsuite> <!-- Test -->
