<?xml version="1.0" encoding="UTF-8"?>
<testng-results ignored="0" total="1" passed="1" failed="0" skipped="0">
  <reporter-output>
  </reporter-output>
  <suite started-at="2024-04-15T09:57:12 IST" name="Default suite" finished-at="2024-04-15T09:58:00 IST" duration-ms="47187">
    <groups>
    </groups>
    <test started-at="2024-04-15T09:57:12 IST" name="Default test" finished-at="2024-04-15T09:58:00 IST" duration-ms="47187">
      <class name="com.test.LoginTest">
        <test-method is-config="true" signature="androidDriver()[pri:0, instance:com.test.LoginTest@7770f470]" started-at="2024-04-15T09:57:12 IST" name="androidDriver" finished-at="2024-04-15T09:57:30 IST" duration-ms="17654" status="PASS">
          <reporter-output>
          </reporter-output>
        </test-method> <!-- androidDriver -->
        <test-method signature="loginTestPositive()[pri:0, instance:com.test.LoginTest@7770f470]" started-at="2024-04-15T09:57:30 IST" name="loginTestPositive" finished-at="2024-04-15T09:58:00 IST" duration-ms="29462" status="PASS">
          <reporter-output>
          </reporter-output>
        </test-method> <!-- loginTestPositive -->
        <test-method is-config="true" signature="tear()[pri:0, instance:com.test.LoginTest@7770f470]" started-at="2024-04-15T09:58:00 IST" name="tear" finished-at="2024-04-15T09:58:00 IST" duration-ms="1" status="PASS">
          <reporter-output>
          </reporter-output>
        </test-method> <!-- tear -->
      </class> <!-- com.test.LoginTest -->
    </test> <!-- Default test -->
  </suite> <!-- Default suite -->
</testng-results>
