<?xml version="1.0" encoding="UTF-8"?>
<testng-results ignored="0" total="1" passed="1" failed="0" skipped="0">
  <reporter-output>
  </reporter-output>
  <suite started-at="2023-09-23T15:04:29 IST" name="Default suite" finished-at="2023-09-23T15:04:51 IST" duration-ms="21299">
    <groups>
    </groups>
    <test started-at="2023-09-23T15:04:29 IST" name="Default test" finished-at="2023-09-23T15:04:51 IST" duration-ms="21299">
      <class name="com.test.LoginTest">
        <test-method is-config="true" signature="androidDriver()[pri:0, instance:com.test.LoginTest@7530ad9c]" started-at="2023-09-23T15:04:29 IST" name="androidDriver" finished-at="2023-09-23T15:04:38 IST" duration-ms="9154" status="PASS">
          <reporter-output>
          </reporter-output>
        </test-method> <!-- androidDriver -->
        <test-method signature="loginTestPositive()[pri:0, instance:com.test.LoginTest@7530ad9c]" started-at="2023-09-23T15:04:39 IST" name="loginTestPositive" finished-at="2023-09-23T15:04:50 IST" duration-ms="11889" status="PASS">
          <reporter-output>
          </reporter-output>
        </test-method> <!-- loginTestPositive -->
        <test-method is-config="true" signature="tear()[pri:0, instance:com.test.LoginTest@7530ad9c]" started-at="2023-09-23T15:04:50 IST" name="tear" finished-at="2023-09-23T15:04:51 IST" duration-ms="202" status="PASS">
          <reporter-output>
          </reporter-output>
        </test-method> <!-- tear -->
      </class> <!-- com.test.LoginTest -->
    </test> <!-- Default test -->
  </suite> <!-- Default suite -->
</testng-results>
